# JRE version: OpenJDK Runtime Environment (15.0.2+7) (build 15.0.2+7-27)
# Java VM: OpenJDK 64-Bit Server VM (15.0.2+7-27, mixed mode, tiered, compressed oops, g1 gc, windows-amd64)
GC Precious Log:
 CPUs: 8 total, 8 available
 Memory: 16222M
 Large Page Support: Disabled
 NUMA Support: Disabled
 Compressed Oops: Enabled (Zero based)
 Heap Region Size: 2M
 Heap Min Capacity: 8M
 Heap Initial Capacity: 254M
 Heap Max Capacity: 4056M
 Pre-touch: Disabled
 Parallel Workers: 8
 Concurrent Workers: 2
 Concurrent Refinement Workers: 8
 Periodic GC: Disabled
Heap:
 garbage-first heap   total 149504K, used 17733K [0x0000000702800000, 0x0000000800000000)
  region size 2048K, 1 young (2048K), 1 survivors (2048K)
 Metaspace       used 46125K, capacity 46680K, committed 46720K, reserved 1089536K
  class space    used 5542K, capacity 5740K, committed 5760K, reserved 1048576K
GC Heap History (20 events):
Event: 0.886 GC heap after
{Heap after GC invocations=2 (full 0):
 garbage-first heap   total 260096K, used 7200K [0x0000000702800000, 0x0000000800000000)
  region size 2048K, 1 young (2048K), 1 survivors (2048K)
 Metaspace       used 20767K, capacity 21109K, committed 21248K, reserved 1069056K
  class space    used 2351K, capacity 2470K, committed 2560K, reserved 1048576K
}
Event: 1.221 GC heap before
{Heap before GC invocations=3 (full 0):
 garbage-first heap   total 34816K, used 31776K [0x0000000702800000, 0x0000000800000000)
  region size 2048K, 14 young (28672K), 1 survivors (2048K)
 Metaspace       used 26487K, capacity 26885K, committed 27136K, reserved 1073152K
  class space    used 3083K, capacity 3222K, committed 3328K, reserved 1048576K
}
Event: 1.223 GC heap after
{Heap after GC invocations=4 (full 0):
 garbage-first heap   total 38912K, used 8424K [0x0000000702800000, 0x0000000800000000)
  region size 2048K, 2 young (4096K), 2 survivors (4096K)
 Metaspace       used 26487K, capacity 26885K, committed 27136K, reserved 1073152K
  class space    used 3083K, capacity 3222K, committed 3328K, reserved 1048576K
}
Event: 1.373 GC heap before
{Heap before GC invocations=4 (full 0):
 garbage-first heap   total 38912K, used 24808K [0x0000000702800000, 0x0000000800000000)
  region size 2048K, 10 young (20480K), 2 survivors (4096K)
 Metaspace       used 27506K, capacity 27935K, committed 28288K, reserved 1075200K
  class space    used 3210K, capacity 3332K, committed 3456K, reserved 1048576K
}
Event: 1.375 GC heap after
{Heap after GC invocations=5 (full 0):
 garbage-first heap   total 38912K, used 9561K [0x0000000702800000, 0x0000000800000000)
  region size 2048K, 2 young (4096K), 2 survivors (4096K)
 Metaspace       used 27506K, capacity 27935K, committed 28288K, reserved 1075200K
  class space    used 3210K, capacity 3332K, committed 3456K, reserved 1048576K
}
Event: 1.559 GC heap before
{Heap before GC invocations=5 (full 0):
 garbage-first heap   total 38912K, used 25945K [0x0000000702800000, 0x0000000800000000)
  region size 2048K, 10 young (20480K), 2 survivors (4096K)
 Metaspace       used 30207K, capacity 30598K, committed 30848K, reserved 1077248K
  class space    used 3583K, capacity 3704K, committed 3712K, reserved 1048576K
}
Event: 1.561 GC heap after
{Heap after GC invocations=6 (full 0):
 garbage-first heap   total 38912K, used 10217K [0x0000000702800000, 0x0000000800000000)
  region size 2048K, 2 young (4096K), 2 survivors (4096K)
 Metaspace       used 30207K, capacity 30598K, committed 30848K, reserved 1077248K
  class space    used 3583K, capacity 3704K, committed 3712K, reserved 1048576K
}
Event: 1.700 GC heap before
{Heap before GC invocations=6 (full 0):
 garbage-first heap   total 38912K, used 24553K [0x0000000702800000, 0x0000000800000000)
  region size 2048K, 9 young (18432K), 2 survivors (4096K)
 Metaspace       used 32528K, capacity 33019K, committed 33280K, reserved 1079296K
  class space    used 3908K, capacity 4062K, committed 4096K, reserved 1048576K
}
Event: 1.703 GC heap after
{Heap after GC invocations=7 (full 0):
 garbage-first heap   total 38912K, used 11765K [0x0000000702800000, 0x0000000800000000)
  region size 2048K, 2 young (4096K), 2 survivors (4096K)
 Metaspace       used 32528K, capacity 33019K, committed 33280K, reserved 1079296K
  class space    used 3908K, capacity 4062K, committed 4096K, reserved 1048576K
}
Event: 1.899 GC heap before
{Heap before GC invocations=7 (full 0):
 garbage-first heap   total 38912K, used 26101K [0x0000000702800000, 0x0000000800000000)
  region size 2048K, 9 young (18432K), 2 survivors (4096K)
 Metaspace       used 34316K, capacity 34782K, committed 35072K, reserved 1079296K
  class space    used 4097K, capacity 4287K, committed 4352K, reserved 1048576K
}
Event: 1.901 GC heap after
{Heap after GC invocations=8 (full 0):
 garbage-first heap   total 38912K, used 12865K [0x0000000702800000, 0x0000000800000000)
  region size 2048K, 2 young (4096K), 2 survivors (4096K)
 Metaspace       used 34316K, capacity 34782K, committed 35072K, reserved 1079296K
  class space    used 4097K, capacity 4287K, committed 4352K, reserved 1048576K
}
Event: 1.963 GC heap before
{Heap before GC invocations=8 (full 0):
 garbage-first heap   total 38912K, used 16961K [0x0000000702800000, 0x0000000800000000)
  region size 2048K, 5 young (10240K), 2 survivors (4096K)
 Metaspace       used 35194K, capacity 35684K, committed 35840K, reserved 1081344K
  class space    used 4185K, capacity 4352K, committed 4352K, reserved 1048576K
}
Event: 1.965 GC heap after
{Heap after GC invocations=9 (full 0):
 garbage-first heap   total 38912K, used 13484K [0x0000000702800000, 0x0000000800000000)
  region size 2048K, 1 young (2048K), 1 survivors (2048K)
 Metaspace       used 35194K, capacity 35684K, committed 35840K, reserved 1081344K
  class space    used 4185K, capacity 4352K, committed 4352K, reserved 1048576K
}
Event: 2.142 GC heap before
{Heap before GC invocations=10 (full 0):
 garbage-first heap   total 38912K, used 27820K [0x0000000702800000, 0x0000000800000000)
  region size 2048K, 8 young (16384K), 1 survivors (2048K)
 Metaspace       used 38934K, capacity 39399K, committed 39552K, reserved 1083392K
  class space    used 4677K, capacity 4865K, committed 4992K, reserved 1048576K
}
Event: 2.144 GC heap after
{Heap after GC invocations=11 (full 0):
 garbage-first heap   total 38912K, used 14190K [0x0000000702800000, 0x0000000800000000)
  region size 2048K, 1 young (2048K), 1 survivors (2048K)
 Metaspace       used 38934K, capacity 39399K, committed 39552K, reserved 1083392K
  class space    used 4677K, capacity 4865K, committed 4992K, reserved 1048576K
}
Event: 2.247 GC heap before
{Heap before GC invocations=11 (full 0):
 garbage-first heap   total 38912K, used 28526K [0x0000000702800000, 0x0000000800000000)
  region size 2048K, 8 young (16384K), 1 survivors (2048K)
 Metaspace       used 40224K, capacity 40725K, committed 40960K, reserved 1085440K
  class space    used 4854K, capacity 5041K, committed 5120K, reserved 1048576K
}
Event: 2.249 GC heap after
{Heap after GC invocations=12 (full 0):
 garbage-first heap   total 38912K, used 15457K [0x0000000702800000, 0x0000000800000000)
  region size 2048K, 1 young (2048K), 1 survivors (2048K)
 Metaspace       used 40224K, capacity 40725K, committed 40960K, reserved 1085440K
  class space    used 4854K, capacity 5041K, committed 5120K, reserved 1048576K
}
Event: 2.431 GC heap before
{Heap before GC invocations=12 (full 0):
 garbage-first heap   total 38912K, used 29793K [0x0000000702800000, 0x0000000800000000)
  region size 2048K, 8 young (16384K), 1 survivors (2048K)
 Metaspace       used 42167K, capacity 42685K, committed 43008K, reserved 1087488K
  class space    used 5115K, capacity 5286K, committed 5376K, reserved 1048576K
}
Event: 2.434 GC heap after
{Heap after GC invocations=13 (full 0):
 garbage-first heap   total 38912K, used 16996K [0x0000000702800000, 0x0000000800000000)
  region size 2048K, 1 young (2048K), 1 survivors (2048K)
 Metaspace       used 42167K, capacity 42685K, committed 43008K, reserved 1087488K
  class space    used 5115K, capacity 5286K, committed 5376K, reserved 1048576K
}
Event: 15.691 GC heap before
{Heap before GC invocations=13 (full 0):
 garbage-first heap   total 38912K, used 27236K [0x0000000702800000, 0x0000000800000000)
  region size 2048K, 7 young (14336K), 1 survivors (2048K)
 Metaspace       used 46125K, capacity 46680K, committed 46720K, reserved 1089536K
  class space    used 5542K, capacity 5740K, committed 5760K, reserved 1048576K
}

